<?xml version="1.0" encoding="UTF-8"?>
<testsuite name="jpabook.jpashop.service.OrderServiceTest" tests="3" skipped="0" failures="0" errors="0" timestamp="2024-09-12T09:41:05" hostname="bangui-MacBookPro.local" time="0.285">
  <properties/>
  <testcase name="상품주문_재고수량초과()" classname="jpabook.jpashop.service.OrderServiceTest" time="0.276"/>
  <testcase name="상품주문()" classname="jpabook.jpashop.service.OrderServiceTest" time="0.005"/>
  <testcase name="주문취소()" classname="jpabook.jpashop.service.OrderServiceTest" time="0.002"/>
  <system-out><![CDATA[18:41:03.553 [Test worker] INFO org.springframework.test.context.support.AnnotationConfigContextLoaderUtils -- Could not detect default configuration classes for test class [jpabook.jpashop.service.OrderServiceTest]: OrderServiceTest does not declare any static, non-private, non-final, nested classes annotated with @Configuration.
18:41:03.591 [Test worker] INFO org.springframework.boot.test.context.SpringBootTestContextBootstrapper -- Found @SpringBootConfiguration jpabook.jpashop.JpashopApplication for test class jpabook.jpashop.service.OrderServiceTest

  .   ____          _            __ _ _
 /\\ / ___'_ __ _ _(_)_ __  __ _ \ \ \ \
( ( )\___ | '_ | '_| | '_ \/ _` | \ \ \ \
 \\/  ___)| |_)| | | | | || (_| |  ) ) ) )
  '  |____| .__|_| |_|_| |_\__, | / / / /
 =========|_|==============|___/=/_/_/_/

 :: Spring Boot ::                (v3.3.3)

2024-09-12T18:41:03.743+09:00  INFO 47571 --- [jpashop] [    Test worker] j.jpashop.service.OrderServiceTest       : Starting OrderServiceTest using Java 17.0.12 with PID 47571 (started by bang in /Users/bang/Documents/SpringBoot/playground/springboot)
2024-09-12T18:41:03.743+09:00  INFO 47571 --- [jpashop] [    Test worker] j.jpashop.service.OrderServiceTest       : No active profile set, falling back to 1 default profile: "default"
2024-09-12T18:41:03.969+09:00  INFO 47571 --- [jpashop] [    Test worker] .s.d.r.c.RepositoryConfigurationDelegate : Bootstrapping Spring Data JPA repositories in DEFAULT mode.
2024-09-12T18:41:03.978+09:00  INFO 47571 --- [jpashop] [    Test worker] .s.d.r.c.RepositoryConfigurationDelegate : Finished Spring Data repository scanning in 6 ms. Found 0 JPA repository interfaces.
2024-09-12T18:41:04.131+09:00  INFO 47571 --- [jpashop] [    Test worker] com.zaxxer.hikari.HikariDataSource       : HikariPool-1 - Starting...
2024-09-12T18:41:04.202+09:00  INFO 47571 --- [jpashop] [    Test worker] com.zaxxer.hikari.pool.HikariPool        : HikariPool-1 - Added connection conn0: url=jdbc:h2:mem:fea21dd4-e62e-44aa-ac75-92db6151999d user=SA
2024-09-12T18:41:04.203+09:00  INFO 47571 --- [jpashop] [    Test worker] com.zaxxer.hikari.HikariDataSource       : HikariPool-1 - Start completed.
2024-09-12T18:41:04.221+09:00  INFO 47571 --- [jpashop] [    Test worker] o.hibernate.jpa.internal.util.LogHelper  : HHH000204: Processing PersistenceUnitInfo [name: default]
2024-09-12T18:41:04.240+09:00  INFO 47571 --- [jpashop] [    Test worker] org.hibernate.Version                    : HHH000412: Hibernate ORM core version 6.5.2.Final
2024-09-12T18:41:04.253+09:00  INFO 47571 --- [jpashop] [    Test worker] o.h.c.internal.RegionFactoryInitiator    : HHH000026: Second-level cache disabled
2024-09-12T18:41:04.356+09:00  INFO 47571 --- [jpashop] [    Test worker] o.s.o.j.p.SpringPersistenceUnitInfo      : No LoadTimeWeaver setup: ignoring JPA class transformer
2024-09-12T18:41:04.808+09:00  INFO 47571 --- [jpashop] [    Test worker] o.h.e.t.j.p.i.JtaPlatformInitiator       : HHH000489: No JTA platform available (set 'hibernate.transaction.jta.platform' to enable JTA platform integration)
2024-09-12T18:41:04.814+09:00 DEBUG 47571 --- [jpashop] [    Test worker] org.hibernate.SQL                        : drop table if exists category cascade 
2024-09-12T18:41:04.816+09:00 DEBUG 47571 --- [jpashop] [    Test worker] org.hibernate.SQL                        : drop table if exists category_item cascade 
2024-09-12T18:41:04.816+09:00 DEBUG 47571 --- [jpashop] [    Test worker] org.hibernate.SQL                        : drop table if exists delivery cascade 
2024-09-12T18:41:04.817+09:00 DEBUG 47571 --- [jpashop] [    Test worker] org.hibernate.SQL                        : drop table if exists item cascade 
2024-09-12T18:41:04.817+09:00 DEBUG 47571 --- [jpashop] [    Test worker] org.hibernate.SQL                        : drop table if exists member cascade 
2024-09-12T18:41:04.817+09:00 DEBUG 47571 --- [jpashop] [    Test worker] org.hibernate.SQL                        : drop table if exists order_item cascade 
2024-09-12T18:41:04.817+09:00 DEBUG 47571 --- [jpashop] [    Test worker] org.hibernate.SQL                        : drop table if exists orders cascade 
2024-09-12T18:41:04.817+09:00 DEBUG 47571 --- [jpashop] [    Test worker] org.hibernate.SQL                        : drop sequence if exists category_seq
2024-09-12T18:41:04.817+09:00 DEBUG 47571 --- [jpashop] [    Test worker] org.hibernate.SQL                        : drop sequence if exists delivery_seq
2024-09-12T18:41:04.817+09:00 DEBUG 47571 --- [jpashop] [    Test worker] org.hibernate.SQL                        : drop sequence if exists item_seq
2024-09-12T18:41:04.818+09:00 DEBUG 47571 --- [jpashop] [    Test worker] org.hibernate.SQL                        : drop sequence if exists member_seq
2024-09-12T18:41:04.818+09:00 DEBUG 47571 --- [jpashop] [    Test worker] org.hibernate.SQL                        : drop sequence if exists order_item_seq
2024-09-12T18:41:04.818+09:00 DEBUG 47571 --- [jpashop] [    Test worker] org.hibernate.SQL                        : drop sequence if exists orders_seq
2024-09-12T18:41:04.821+09:00 DEBUG 47571 --- [jpashop] [    Test worker] org.hibernate.SQL                        : create sequence category_seq start with 1 increment by 50
2024-09-12T18:41:04.822+09:00 DEBUG 47571 --- [jpashop] [    Test worker] org.hibernate.SQL                        : create sequence delivery_seq start with 1 increment by 50
2024-09-12T18:41:04.822+09:00 DEBUG 47571 --- [jpashop] [    Test worker] org.hibernate.SQL                        : create sequence item_seq start with 1 increment by 50
2024-09-12T18:41:04.822+09:00 DEBUG 47571 --- [jpashop] [    Test worker] org.hibernate.SQL                        : create sequence member_seq start with 1 increment by 50
2024-09-12T18:41:04.822+09:00 DEBUG 47571 --- [jpashop] [    Test worker] org.hibernate.SQL                        : create sequence order_item_seq start with 1 increment by 50
2024-09-12T18:41:04.823+09:00 DEBUG 47571 --- [jpashop] [    Test worker] org.hibernate.SQL                        : create sequence orders_seq start with 1 increment by 50
2024-09-12T18:41:04.824+09:00 DEBUG 47571 --- [jpashop] [    Test worker] org.hibernate.SQL                        : create table category (category_id bigint not null, parent_id bigint, name varchar(255), primary key (category_id))
2024-09-12T18:41:04.826+09:00 DEBUG 47571 --- [jpashop] [    Test worker] org.hibernate.SQL                        : create table category_item (category_id bigint not null, item_id bigint not null)
2024-09-12T18:41:04.827+09:00 DEBUG 47571 --- [jpashop] [    Test worker] org.hibernate.SQL                        : create table delivery (delivery_id bigint not null, city varchar(255), street varchar(255), zipcode varchar(255), status enum ('COMP','READY'), primary key (delivery_id))
2024-09-12T18:41:04.828+09:00 DEBUG 47571 --- [jpashop] [    Test worker] org.hibernate.SQL                        : create table item (price integer not null, stock_quantity integer not null, item_id bigint not null, dtype varchar(31) not null, actor varchar(255), artist varchar(255), author varchar(255), director varchar(255), etc varchar(255), isbn varchar(255), name varchar(255), primary key (item_id))
2024-09-12T18:41:04.828+09:00 DEBUG 47571 --- [jpashop] [    Test worker] org.hibernate.SQL                        : create table member (member_id bigint not null, city varchar(255), street varchar(255), username varchar(255), zipcode varchar(255), primary key (member_id))
2024-09-12T18:41:04.829+09:00 DEBUG 47571 --- [jpashop] [    Test worker] org.hibernate.SQL                        : create table order_item (count integer not null, order_price integer not null, item_id bigint, order_id bigint, order_item_id bigint not null, primary key (order_item_id))
2024-09-12T18:41:04.829+09:00 DEBUG 47571 --- [jpashop] [    Test worker] org.hibernate.SQL                        : create table orders (delivery_id bigint unique, member_id bigint, order_date timestamp(6), order_id bigint not null, status enum ('CANCEL','ORDER'), primary key (order_id))
2024-09-12T18:41:04.830+09:00 DEBUG 47571 --- [jpashop] [    Test worker] org.hibernate.SQL                        : alter table if exists category add constraint FK2y94svpmqttx80mshyny85wqr foreign key (parent_id) references category
2024-09-12T18:41:04.837+09:00 DEBUG 47571 --- [jpashop] [    Test worker] org.hibernate.SQL                        : alter table if exists category_item add constraint FKu8b4lwqutcdq3363gf6mlujq foreign key (item_id) references item
2024-09-12T18:41:04.838+09:00 DEBUG 47571 --- [jpashop] [    Test worker] org.hibernate.SQL                        : alter table if exists category_item add constraint FKcq2n0opf5shyh84ex1fhukcbh foreign key (category_id) references category
2024-09-12T18:41:04.839+09:00 DEBUG 47571 --- [jpashop] [    Test worker] org.hibernate.SQL                        : alter table if exists order_item add constraint FKija6hjjiit8dprnmvtvgdp6ru foreign key (item_id) references item
2024-09-12T18:41:04.839+09:00 DEBUG 47571 --- [jpashop] [    Test worker] org.hibernate.SQL                        : alter table if exists order_item add constraint FKt4dc2r9nbvbujrljv3e23iibt foreign key (order_id) references orders
2024-09-12T18:41:04.840+09:00 DEBUG 47571 --- [jpashop] [    Test worker] org.hibernate.SQL                        : alter table if exists orders add constraint FKtkrur7wg4d8ax0pwgo0vmy20c foreign key (delivery_id) references delivery
2024-09-12T18:41:04.842+09:00 DEBUG 47571 --- [jpashop] [    Test worker] org.hibernate.SQL                        : alter table if exists orders add constraint FKpktxwhj3x9m4gth5ff6bkqgeb foreign key (member_id) references member
2024-09-12T18:41:04.844+09:00  INFO 47571 --- [jpashop] [    Test worker] j.LocalContainerEntityManagerFactoryBean : Initialized JPA EntityManagerFactory for persistence unit 'default'
2024-09-12T18:41:04.946+09:00  WARN 47571 --- [jpashop] [    Test worker] JpaBaseConfiguration$JpaWebConfiguration : spring.jpa.open-in-view is enabled by default. Therefore, database queries may be performed during view rendering. Explicitly configure spring.jpa.open-in-view to disable this warning
2024-09-12T18:41:05.101+09:00  INFO 47571 --- [jpashop] [    Test worker] j.jpashop.service.OrderServiceTest       : Started OrderServiceTest in 1.46 seconds (process running for 1.866)
2024-09-12T18:41:05.356+09:00 DEBUG 47571 --- [jpashop] [    Test worker] org.hibernate.SQL                        : select next value for member_seq
2024-09-12T18:41:05.370+09:00 DEBUG 47571 --- [jpashop] [    Test worker] org.hibernate.SQL                        : select next value for item_seq
2024-09-12T18:41:05.386+09:00 DEBUG 47571 --- [jpashop] [    Test worker] org.hibernate.SQL                        : select next value for member_seq
2024-09-12T18:41:05.386+09:00 DEBUG 47571 --- [jpashop] [    Test worker] org.hibernate.SQL                        : select next value for item_seq
2024-09-12T18:41:05.387+09:00 DEBUG 47571 --- [jpashop] [    Test worker] org.hibernate.SQL                        : select next value for orders_seq
2024-09-12T18:41:05.387+09:00 DEBUG 47571 --- [jpashop] [    Test worker] org.hibernate.SQL                        : select next value for delivery_seq
2024-09-12T18:41:05.388+09:00 DEBUG 47571 --- [jpashop] [    Test worker] org.hibernate.SQL                        : select next value for order_item_seq
2024-09-12T18:41:05.391+09:00 DEBUG 47571 --- [jpashop] [    Test worker] org.hibernate.SQL                        : select next value for orders_seq
2024-09-12T18:41:05.392+09:00 DEBUG 47571 --- [jpashop] [    Test worker] org.hibernate.SQL                        : select next value for delivery_seq
2024-09-12T18:41:05.392+09:00 DEBUG 47571 --- [jpashop] [    Test worker] org.hibernate.SQL                        : select next value for order_item_seq
]]></system-out>
  <system-err><![CDATA[]]></system-err>
</testsuite>
