<?xml version="1.0" encoding="UTF-8"?>
<testsuite name="jpabook.jpashop.member.MemberRepositoryTest" tests="1" skipped="0" failures="0" errors="0" timestamp="2024-09-03T06:07:46" hostname="bangui-MacBookPro.local" time="0.286">
  <properties/>
  <testcase name="testMember()" classname="jpabook.jpashop.member.MemberRepositoryTest" time="0.286"/>
  <system-out><![CDATA[15:07:45.385 [Test worker] INFO org.springframework.test.context.support.AnnotationConfigContextLoaderUtils -- Could not detect default configuration classes for test class [jpabook.jpashop.member.MemberRepositoryTest]: MemberRepositoryTest does not declare any static, non-private, non-final, nested classes annotated with @Configuration.
15:07:45.420 [Test worker] INFO org.springframework.boot.test.context.SpringBootTestContextBootstrapper -- Found @SpringBootConfiguration jpabook.jpashop.JpashopApplication for test class jpabook.jpashop.member.MemberRepositoryTest

  .   ____          _            __ _ _
 /\\ / ___'_ __ _ _(_)_ __  __ _ \ \ \ \
( ( )\___ | '_ | '_| | '_ \/ _` | \ \ \ \
 \\/  ___)| |_)| | | | | || (_| |  ) ) ) )
  '  |____| .__|_| |_|_| |_\__, | / / / /
 =========|_|==============|___/=/_/_/_/

 :: Spring Boot ::                (v3.3.3)

2024-09-03T15:07:45.562+09:00  INFO 17159 --- [jpashop] [    Test worker] j.jpashop.member.MemberRepositoryTest    : Starting MemberRepositoryTest using Java 17.0.12 with PID 17159 (started by bang in /Users/bang/Documents/SpringBoot/playground/springboot)
2024-09-03T15:07:45.562+09:00  INFO 17159 --- [jpashop] [    Test worker] j.jpashop.member.MemberRepositoryTest    : No active profile set, falling back to 1 default profile: "default"
2024-09-03T15:07:45.779+09:00  INFO 17159 --- [jpashop] [    Test worker] .s.d.r.c.RepositoryConfigurationDelegate : Bootstrapping Spring Data JPA repositories in DEFAULT mode.
2024-09-03T15:07:45.787+09:00  INFO 17159 --- [jpashop] [    Test worker] .s.d.r.c.RepositoryConfigurationDelegate : Finished Spring Data repository scanning in 5 ms. Found 0 JPA repository interfaces.
2024-09-03T15:07:45.935+09:00  INFO 17159 --- [jpashop] [    Test worker] o.hibernate.jpa.internal.util.LogHelper  : HHH000204: Processing PersistenceUnitInfo [name: default]
2024-09-03T15:07:45.952+09:00  INFO 17159 --- [jpashop] [    Test worker] org.hibernate.Version                    : HHH000412: Hibernate ORM core version 6.5.2.Final
2024-09-03T15:07:45.964+09:00  INFO 17159 --- [jpashop] [    Test worker] o.h.c.internal.RegionFactoryInitiator    : HHH000026: Second-level cache disabled
2024-09-03T15:07:46.061+09:00  INFO 17159 --- [jpashop] [    Test worker] o.s.o.j.p.SpringPersistenceUnitInfo      : No LoadTimeWeaver setup: ignoring JPA class transformer
2024-09-03T15:07:46.070+09:00  INFO 17159 --- [jpashop] [    Test worker] com.zaxxer.hikari.HikariDataSource       : HikariPool-1 - Starting...
2024-09-03T15:07:46.102+09:00  INFO 17159 --- [jpashop] [    Test worker] com.zaxxer.hikari.pool.HikariPool        : HikariPool-1 - Added connection conn0: url=jdbc:h2:tcp://localhost/~/jpashop user=SA
2024-09-03T15:07:46.103+09:00  INFO 17159 --- [jpashop] [    Test worker] com.zaxxer.hikari.HikariDataSource       : HikariPool-1 - Start completed.
2024-09-03T15:07:46.377+09:00  INFO 17159 --- [jpashop] [    Test worker] o.h.e.t.j.p.i.JtaPlatformInitiator       : HHH000489: No JTA platform available (set 'hibernate.transaction.jta.platform' to enable JTA platform integration)
2024-09-03T15:07:46.382+09:00 DEBUG 17159 --- [jpashop] [    Test worker] org.hibernate.SQL                        : drop table if exists member cascade 
2024-09-03T15:07:46.384+09:00 DEBUG 17159 --- [jpashop] [    Test worker] org.hibernate.SQL                        : drop sequence if exists member_seq
2024-09-03T15:07:46.387+09:00 DEBUG 17159 --- [jpashop] [    Test worker] org.hibernate.SQL                        : create sequence member_seq start with 1 increment by 50
2024-09-03T15:07:46.388+09:00 DEBUG 17159 --- [jpashop] [    Test worker] org.hibernate.SQL                        : create table member (id bigint not null, username varchar(255), primary key (id))
2024-09-03T15:07:46.390+09:00  INFO 17159 --- [jpashop] [    Test worker] j.LocalContainerEntityManagerFactoryBean : Initialized JPA EntityManagerFactory for persistence unit 'default'
2024-09-03T15:07:46.458+09:00  WARN 17159 --- [jpashop] [    Test worker] JpaBaseConfiguration$JpaWebConfiguration : spring.jpa.open-in-view is enabled by default. Therefore, database queries may be performed during view rendering. Explicitly configure spring.jpa.open-in-view to disable this warning
2024-09-03T15:07:46.620+09:00  INFO 17159 --- [jpashop] [    Test worker] j.jpashop.member.MemberRepositoryTest    : Started MemberRepositoryTest in 1.153 seconds (process running for 1.515)
2024-09-03T15:07:46.875+09:00 DEBUG 17159 --- [jpashop] [    Test worker] org.hibernate.SQL                        : select next value for member_seq
2024-09-03T15:07:46.907+09:00 DEBUG 17159 --- [jpashop] [    Test worker] org.hibernate.SQL                        : insert into member (username,id) values (?,?)
]]></system-out>
  <system-err><![CDATA[]]></system-err>
</testsuite>
