<?xml version="1.0" encoding="UTF-8"?>
<testsuite name="jpabook.jpashop.service.MemberServiceTest" tests="2" skipped="0" failures="0" errors="0" timestamp="2024-09-09T08:48:51" hostname="bangui-MacBookPro.local" time="0.4">
  <properties/>
  <testcase name="중복_회원_예외()" classname="jpabook.jpashop.service.MemberServiceTest" time="0.393"/>
  <testcase name="회원가입()" classname="jpabook.jpashop.service.MemberServiceTest" time="0.006"/>
  <system-out><![CDATA[17:48:50.604 [Test worker] INFO org.springframework.test.context.support.AnnotationConfigContextLoaderUtils -- Could not detect default configuration classes for test class [jpabook.jpashop.service.MemberServiceTest]: MemberServiceTest does not declare any static, non-private, non-final, nested classes annotated with @Configuration.
17:48:50.639 [Test worker] INFO org.springframework.boot.test.context.SpringBootTestContextBootstrapper -- Found @SpringBootConfiguration jpabook.jpashop.JpashopApplication for test class jpabook.jpashop.service.MemberServiceTest

  .   ____          _            __ _ _
 /\\ / ___'_ __ _ _(_)_ __  __ _ \ \ \ \
( ( )\___ | '_ | '_| | '_ \/ _` | \ \ \ \
 \\/  ___)| |_)| | | | | || (_| |  ) ) ) )
  '  |____| .__|_| |_|_| |_\__, | / / / /
 =========|_|==============|___/=/_/_/_/

 :: Spring Boot ::                (v3.3.3)

2024-09-09T17:48:50.781+09:00  INFO 31426 --- [jpashop] [    Test worker] j.jpashop.service.MemberServiceTest      : Starting MemberServiceTest using Java 17.0.12 with PID 31426 (started by bang in /Users/bang/Documents/SpringBoot/playground/springboot)
2024-09-09T17:48:50.781+09:00  INFO 31426 --- [jpashop] [    Test worker] j.jpashop.service.MemberServiceTest      : No active profile set, falling back to 1 default profile: "default"
2024-09-09T17:48:50.989+09:00  INFO 31426 --- [jpashop] [    Test worker] .s.d.r.c.RepositoryConfigurationDelegate : Bootstrapping Spring Data JPA repositories in DEFAULT mode.
2024-09-09T17:48:50.998+09:00  INFO 31426 --- [jpashop] [    Test worker] .s.d.r.c.RepositoryConfigurationDelegate : Finished Spring Data repository scanning in 5 ms. Found 0 JPA repository interfaces.
2024-09-09T17:48:51.136+09:00  INFO 31426 --- [jpashop] [    Test worker] com.zaxxer.hikari.HikariDataSource       : HikariPool-1 - Starting...
2024-09-09T17:48:51.204+09:00  INFO 31426 --- [jpashop] [    Test worker] com.zaxxer.hikari.pool.HikariPool        : HikariPool-1 - Added connection conn0: url=jdbc:h2:mem:bbb4db5e-c905-4fad-9293-d3e131a60200 user=SA
2024-09-09T17:48:51.205+09:00  INFO 31426 --- [jpashop] [    Test worker] com.zaxxer.hikari.HikariDataSource       : HikariPool-1 - Start completed.
2024-09-09T17:48:51.220+09:00  INFO 31426 --- [jpashop] [    Test worker] o.hibernate.jpa.internal.util.LogHelper  : HHH000204: Processing PersistenceUnitInfo [name: default]
2024-09-09T17:48:51.238+09:00  INFO 31426 --- [jpashop] [    Test worker] org.hibernate.Version                    : HHH000412: Hibernate ORM core version 6.5.2.Final
2024-09-09T17:48:51.248+09:00  INFO 31426 --- [jpashop] [    Test worker] o.h.c.internal.RegionFactoryInitiator    : HHH000026: Second-level cache disabled
2024-09-09T17:48:51.343+09:00  INFO 31426 --- [jpashop] [    Test worker] o.s.o.j.p.SpringPersistenceUnitInfo      : No LoadTimeWeaver setup: ignoring JPA class transformer
2024-09-09T17:48:51.716+09:00  INFO 31426 --- [jpashop] [    Test worker] o.h.e.t.j.p.i.JtaPlatformInitiator       : HHH000489: No JTA platform available (set 'hibernate.transaction.jta.platform' to enable JTA platform integration)
2024-09-09T17:48:51.720+09:00 DEBUG 31426 --- [jpashop] [    Test worker] org.hibernate.SQL                        : drop table if exists category cascade 
2024-09-09T17:48:51.722+09:00 DEBUG 31426 --- [jpashop] [    Test worker] org.hibernate.SQL                        : drop table if exists category_item cascade 
2024-09-09T17:48:51.722+09:00 DEBUG 31426 --- [jpashop] [    Test worker] org.hibernate.SQL                        : drop table if exists delivery cascade 
2024-09-09T17:48:51.722+09:00 DEBUG 31426 --- [jpashop] [    Test worker] org.hibernate.SQL                        : drop table if exists item cascade 
2024-09-09T17:48:51.722+09:00 DEBUG 31426 --- [jpashop] [    Test worker] org.hibernate.SQL                        : drop table if exists member cascade 
2024-09-09T17:48:51.722+09:00 DEBUG 31426 --- [jpashop] [    Test worker] org.hibernate.SQL                        : drop table if exists order_item cascade 
2024-09-09T17:48:51.722+09:00 DEBUG 31426 --- [jpashop] [    Test worker] org.hibernate.SQL                        : drop table if exists orders cascade 
2024-09-09T17:48:51.722+09:00 DEBUG 31426 --- [jpashop] [    Test worker] org.hibernate.SQL                        : drop sequence if exists category_seq
2024-09-09T17:48:51.722+09:00 DEBUG 31426 --- [jpashop] [    Test worker] org.hibernate.SQL                        : drop sequence if exists delivery_seq
2024-09-09T17:48:51.723+09:00 DEBUG 31426 --- [jpashop] [    Test worker] org.hibernate.SQL                        : drop sequence if exists item_seq
2024-09-09T17:48:51.723+09:00 DEBUG 31426 --- [jpashop] [    Test worker] org.hibernate.SQL                        : drop sequence if exists member_seq
2024-09-09T17:48:51.723+09:00 DEBUG 31426 --- [jpashop] [    Test worker] org.hibernate.SQL                        : drop sequence if exists order_item_seq
2024-09-09T17:48:51.723+09:00 DEBUG 31426 --- [jpashop] [    Test worker] org.hibernate.SQL                        : drop sequence if exists orders_seq
2024-09-09T17:48:51.725+09:00 DEBUG 31426 --- [jpashop] [    Test worker] org.hibernate.SQL                        : create sequence category_seq start with 1 increment by 50
2024-09-09T17:48:51.726+09:00 DEBUG 31426 --- [jpashop] [    Test worker] org.hibernate.SQL                        : create sequence delivery_seq start with 1 increment by 50
2024-09-09T17:48:51.726+09:00 DEBUG 31426 --- [jpashop] [    Test worker] org.hibernate.SQL                        : create sequence item_seq start with 1 increment by 50
2024-09-09T17:48:51.727+09:00 DEBUG 31426 --- [jpashop] [    Test worker] org.hibernate.SQL                        : create sequence member_seq start with 1 increment by 50
2024-09-09T17:48:51.727+09:00 DEBUG 31426 --- [jpashop] [    Test worker] org.hibernate.SQL                        : create sequence order_item_seq start with 1 increment by 50
2024-09-09T17:48:51.727+09:00 DEBUG 31426 --- [jpashop] [    Test worker] org.hibernate.SQL                        : create sequence orders_seq start with 1 increment by 50
2024-09-09T17:48:51.728+09:00 DEBUG 31426 --- [jpashop] [    Test worker] org.hibernate.SQL                        : create table category (category_id bigint not null, parent_id bigint, name varchar(255), primary key (category_id))
2024-09-09T17:48:51.730+09:00 DEBUG 31426 --- [jpashop] [    Test worker] org.hibernate.SQL                        : create table category_item (category_id bigint not null, item_id bigint not null)
2024-09-09T17:48:51.731+09:00 DEBUG 31426 --- [jpashop] [    Test worker] org.hibernate.SQL                        : create table delivery (delivery_id bigint not null, city varchar(255), street varchar(255), zipcode varchar(255), status enum ('COMP','READY'), primary key (delivery_id))
2024-09-09T17:48:51.731+09:00 DEBUG 31426 --- [jpashop] [    Test worker] org.hibernate.SQL                        : create table item (price integer not null, stock_quantity integer not null, item_id bigint not null, dtype varchar(31) not null, actor varchar(255), artist varchar(255), author varchar(255), director varchar(255), etc varchar(255), isbn varchar(255), name varchar(255), primary key (item_id))
2024-09-09T17:48:51.732+09:00 DEBUG 31426 --- [jpashop] [    Test worker] org.hibernate.SQL                        : create table member (member_id bigint not null, city varchar(255), street varchar(255), username varchar(255), zipcode varchar(255), primary key (member_id))
2024-09-09T17:48:51.732+09:00 DEBUG 31426 --- [jpashop] [    Test worker] org.hibernate.SQL                        : create table order_item (count integer not null, order_price integer not null, item_id bigint, order_id bigint, order_item_id bigint not null, primary key (order_item_id))
2024-09-09T17:48:51.733+09:00 DEBUG 31426 --- [jpashop] [    Test worker] org.hibernate.SQL                        : create table orders (delivery_id bigint unique, member_id bigint, order_date timestamp(6), order_id bigint not null, primary key (order_id))
2024-09-09T17:48:51.734+09:00 DEBUG 31426 --- [jpashop] [    Test worker] org.hibernate.SQL                        : alter table if exists category add constraint FK2y94svpmqttx80mshyny85wqr foreign key (parent_id) references category
2024-09-09T17:48:51.738+09:00 DEBUG 31426 --- [jpashop] [    Test worker] org.hibernate.SQL                        : alter table if exists category_item add constraint FKu8b4lwqutcdq3363gf6mlujq foreign key (item_id) references item
2024-09-09T17:48:51.738+09:00 DEBUG 31426 --- [jpashop] [    Test worker] org.hibernate.SQL                        : alter table if exists category_item add constraint FKcq2n0opf5shyh84ex1fhukcbh foreign key (category_id) references category
2024-09-09T17:48:51.739+09:00 DEBUG 31426 --- [jpashop] [    Test worker] org.hibernate.SQL                        : alter table if exists order_item add constraint FKija6hjjiit8dprnmvtvgdp6ru foreign key (item_id) references item
2024-09-09T17:48:51.739+09:00 DEBUG 31426 --- [jpashop] [    Test worker] org.hibernate.SQL                        : alter table if exists order_item add constraint FKt4dc2r9nbvbujrljv3e23iibt foreign key (order_id) references orders
2024-09-09T17:48:51.740+09:00 DEBUG 31426 --- [jpashop] [    Test worker] org.hibernate.SQL                        : alter table if exists orders add constraint FKtkrur7wg4d8ax0pwgo0vmy20c foreign key (delivery_id) references delivery
2024-09-09T17:48:51.741+09:00 DEBUG 31426 --- [jpashop] [    Test worker] org.hibernate.SQL                        : alter table if exists orders add constraint FKpktxwhj3x9m4gth5ff6bkqgeb foreign key (member_id) references member
2024-09-09T17:48:51.742+09:00  INFO 31426 --- [jpashop] [    Test worker] j.LocalContainerEntityManagerFactoryBean : Initialized JPA EntityManagerFactory for persistence unit 'default'
2024-09-09T17:48:51.823+09:00  WARN 31426 --- [jpashop] [    Test worker] JpaBaseConfiguration$JpaWebConfiguration : spring.jpa.open-in-view is enabled by default. Therefore, database queries may be performed during view rendering. Explicitly configure spring.jpa.open-in-view to disable this warning
2024-09-09T17:48:51.968+09:00  INFO 31426 --- [jpashop] [    Test worker] j.jpashop.service.MemberServiceTest      : Started MemberServiceTest in 1.281 seconds (process running for 1.641)
2024-09-09T17:48:52.341+09:00 DEBUG 31426 --- [jpashop] [    Test worker] org.hibernate.SQL                        : select m1_0.member_id,m1_0.city,m1_0.street,m1_0.zipcode,m1_0.username from member m1_0 where m1_0.username=?
2024-09-09T17:48:52.350+09:00 DEBUG 31426 --- [jpashop] [    Test worker] org.hibernate.SQL                        : select next value for member_seq
2024-09-09T17:48:52.360+09:00 DEBUG 31426 --- [jpashop] [    Test worker] org.hibernate.SQL                        : insert into member (city,street,zipcode,username,member_id) values (?,?,?,?,?)
2024-09-09T17:48:52.362+09:00 DEBUG 31426 --- [jpashop] [    Test worker] org.hibernate.SQL                        : select m1_0.member_id,m1_0.city,m1_0.street,m1_0.zipcode,m1_0.username from member m1_0 where m1_0.username=?
2024-09-09T17:48:52.369+09:00 DEBUG 31426 --- [jpashop] [    Test worker] org.hibernate.SQL                        : select m1_0.member_id,m1_0.city,m1_0.street,m1_0.zipcode,m1_0.username from member m1_0 where m1_0.username=?
2024-09-09T17:48:52.370+09:00 DEBUG 31426 --- [jpashop] [    Test worker] org.hibernate.SQL                        : select next value for member_seq
2024-09-09T17:48:52.370+09:00 DEBUG 31426 --- [jpashop] [    Test worker] org.hibernate.SQL                        : insert into member (city,street,zipcode,username,member_id) values (?,?,?,?,?)
]]></system-out>
  <system-err><![CDATA[]]></system-err>
</testsuite>
